C:\USERS\ADMINISTRATOR\DESKTOP\SERVER\TCPSERVER\TCPSERVER\GENERATEDFILES\QRC_TCPSERVER.CPP
C:\USERS\ADMINISTRATOR\DESKTOP\SERVER\TCPSERVER\TCPSERVER\GENERATEDFILES\RELEASE\MOC_TCPSERVER.CPP
C:\USERS\ADMINISTRATOR\DESKTOP\SERVER\TCPSERVER\TCPSERVER\GENERATEDFILES\UI_TCPSERVER.H
C:\Users\Administrator\Desktop\server\tcpserver\tcpserver\x64\Release\cl.command.1.tlog
C:\Users\Administrator\Desktop\server\tcpserver\tcpserver\x64\Release\CL.read.1.tlog
C:\Users\Administrator\Desktop\server\tcpserver\tcpserver\x64\Release\CL.write.1.tlog
C:\Users\Administrator\Desktop\server\tcpserver\tcpserver\x64\Release\custombuild.command.1.tlog
C:\Users\Administrator\Desktop\server\tcpserver\tcpserver\x64\Release\custombuild.read.1.tlog
C:\Users\Administrator\Desktop\server\tcpserver\tcpserver\x64\Release\custombuild.write.1.tlog
C:\Users\Administrator\Desktop\server\tcpserver\tcpserver\x64\Release\link.command.1.tlog
C:\Users\Administrator\Desktop\server\tcpserver\tcpserver\x64\Release\link.read.1.tlog
C:\Users\Administrator\Desktop\server\tcpserver\tcpserver\x64\Release\link.write.1.tlog
C:\USERS\ADMINISTRATOR\DESKTOP\SERVER\TCPSERVER\TCPSERVER\X64\RELEASE\MAIN.OBJ
C:\USERS\ADMINISTRATOR\DESKTOP\SERVER\TCPSERVER\TCPSERVER\X64\RELEASE\MOC_TCPSERVER.OBJ
C:\Users\Administrator\Desktop\server\tcpserver\tcpserver\x64\Release\mt.command.1.tlog
C:\Users\Administrator\Desktop\server\tcpserver\tcpserver\x64\Release\mt.read.1.tlog
C:\Users\Administrator\Desktop\server\tcpserver\tcpserver\x64\Release\mt.write.1.tlog
C:\USERS\ADMINISTRATOR\DESKTOP\SERVER\TCPSERVER\TCPSERVER\X64\RELEASE\QRC_TCPSERVER.OBJ
C:\USERS\ADMINISTRATOR\DESKTOP\SERVER\TCPSERVER\TCPSERVER\X64\RELEASE\TCPSERVER.EXE.INTERMEDIATE.MANIFEST
C:\Users\Administrator\Desktop\server\tcpserver\tcpserver\x64\Release\tcpserver.obj
C:\Users\Administrator\Desktop\server\tcpserver\tcpserver\x64\Release\tcpserver.vcxprojResolveAssemblyReference.cache
C:\Users\Administrator\Desktop\server\tcpserver\tcpserver\x64\Release\tcpserver.write.1.tlog
C:\USERS\ADMINISTRATOR\DESKTOP\SERVER\TCPSERVER\X64\RELEASE\TCPSERVER.EXE
C:\USERS\ADMINISTRATOR\DESKTOP\SERVER\TCPSERVER\X64\RELEASE\TCPSERVER.ILK
C:\USERS\ADMINISTRATOR\DESKTOP\SERVER\TCPSERVER\X64\RELEASE\TCPSERVER.PDB
