C:\USERS\ADMINISTRATOR\DESKTOP\SERVER\MULTITHREADSERVER\MULTITHREADSERVER\GENERATEDFILES\QRC_MAINWINDOW.CPP
C:\USERS\ADMINISTRATOR\DESKTOP\SERVER\MULTITHREADSERVER\MULTITHREADSERVER\GENERATEDFILES\RELEASE\MOC_MAINWINDOW.CPP
C:\USERS\ADMINISTRATOR\DESKTOP\SERVER\MULTITHREADSERVER\MULTITHREADSERVER\GENERATEDFILES\RELEASE\MOC_PROCESSOR.CPP
C:\USERS\ADMINISTRATOR\DESKTOP\SERVER\MULTITHREADSERVER\MULTITHREADSERVER\GENERATEDFILES\RELEASE\MOC_SOCKETTHREAD.CPP
C:\USERS\ADMINISTRATOR\DESKTOP\SERVER\MULTITHREADSERVER\MULTITHREADSERVER\GENERATEDFILES\UI_MAINWINDOW.H
C:\Users\Administrator\Desktop\server\multithreadServer\multithreadServer\x64\Release\cl.command.1.tlog
C:\Users\Administrator\Desktop\server\multithreadServer\multithreadServer\x64\Release\CL.read.1.tlog
C:\Users\Administrator\Desktop\server\multithreadServer\multithreadServer\x64\Release\CL.write.1.tlog
C:\Users\Administrator\Desktop\server\multithreadServer\multithreadServer\x64\Release\custombuild.command.1.tlog
C:\Users\Administrator\Desktop\server\multithreadServer\multithreadServer\x64\Release\custombuild.read.1.tlog
C:\Users\Administrator\Desktop\server\multithreadServer\multithreadServer\x64\Release\custombuild.write.1.tlog
C:\Users\Administrator\Desktop\server\multithreadServer\multithreadServer\x64\Release\link.command.1.tlog
C:\Users\Administrator\Desktop\server\multithreadServer\multithreadServer\x64\Release\link.read.1.tlog
C:\Users\Administrator\Desktop\server\multithreadServer\multithreadServer\x64\Release\link.write.1.tlog
C:\USERS\ADMINISTRATOR\DESKTOP\SERVER\MULTITHREADSERVER\MULTITHREADSERVER\X64\RELEASE\MAIN.OBJ
C:\USERS\ADMINISTRATOR\DESKTOP\SERVER\MULTITHREADSERVER\MULTITHREADSERVER\X64\RELEASE\MAINWINDOW.OBJ
C:\USERS\ADMINISTRATOR\DESKTOP\SERVER\MULTITHREADSERVER\MULTITHREADSERVER\X64\RELEASE\MOC_MAINWINDOW.OBJ
C:\USERS\ADMINISTRATOR\DESKTOP\SERVER\MULTITHREADSERVER\MULTITHREADSERVER\X64\RELEASE\MOC_PROCESSOR.OBJ
C:\USERS\ADMINISTRATOR\DESKTOP\SERVER\MULTITHREADSERVER\MULTITHREADSERVER\X64\RELEASE\MOC_SOCKETTHREAD.OBJ
C:\Users\Administrator\Desktop\server\multithreadServer\multithreadServer\x64\Release\mt.command.1.tlog
C:\Users\Administrator\Desktop\server\multithreadServer\multithreadServer\x64\Release\mt.read.1.tlog
C:\Users\Administrator\Desktop\server\multithreadServer\multithreadServer\x64\Release\mt.write.1.tlog
C:\USERS\ADMINISTRATOR\DESKTOP\SERVER\MULTITHREADSERVER\MULTITHREADSERVER\X64\RELEASE\MULTITHREADSERVER.EXE.INTERMEDIATE.MANIFEST
C:\Users\Administrator\Desktop\server\multithreadServer\multithreadServer\x64\Release\multithreadServer.vcxprojResolveAssemblyReference.cache
C:\Users\Administrator\Desktop\server\multithreadServer\multithreadServer\x64\Release\multithreadServer.write.1.tlog
C:\USERS\ADMINISTRATOR\DESKTOP\SERVER\MULTITHREADSERVER\MULTITHREADSERVER\X64\RELEASE\PROCESSOR.OBJ
C:\USERS\ADMINISTRATOR\DESKTOP\SERVER\MULTITHREADSERVER\MULTITHREADSERVER\X64\RELEASE\QRC_MAINWINDOW.OBJ
C:\USERS\ADMINISTRATOR\DESKTOP\SERVER\MULTITHREADSERVER\MULTITHREADSERVER\X64\RELEASE\SOCKETTHREAD.OBJ
C:\USERS\ADMINISTRATOR\DESKTOP\SERVER\MULTITHREADSERVER\MULTITHREADSERVER\X64\RELEASE\TCPSERVER.OBJ
C:\USERS\ADMINISTRATOR\DESKTOP\SERVER\MULTITHREADSERVER\X64\RELEASE\MULTITHREADSERVER.EXE
C:\USERS\ADMINISTRATOR\DESKTOP\SERVER\MULTITHREADSERVER\X64\RELEASE\MULTITHREADSERVER.ILK
C:\USERS\ADMINISTRATOR\DESKTOP\SERVER\MULTITHREADSERVER\X64\RELEASE\MULTITHREADSERVER.PDB
