C:\USERS\ADMINISTRATOR\DESKTOP\SERVER\TCPCLIENT\TCPCLIENT\GENERATEDFILES\QRC_TCPCLIENT.CPP
C:\USERS\ADMINISTRATOR\DESKTOP\SERVER\TCPCLIENT\TCPCLIENT\GENERATEDFILES\RELEASE\MOC_TCPCLIENT.CPP
C:\USERS\ADMINISTRATOR\DESKTOP\SERVER\TCPCLIENT\TCPCLIENT\GENERATEDFILES\UI_TCPCLIENT.H
C:\Users\Administrator\Desktop\server\tcpclient\tcpclient\x64\Release\cl.command.1.tlog
C:\Users\Administrator\Desktop\server\tcpclient\tcpclient\x64\Release\CL.read.1.tlog
C:\Users\Administrator\Desktop\server\tcpclient\tcpclient\x64\Release\CL.write.1.tlog
C:\Users\Administrator\Desktop\server\tcpclient\tcpclient\x64\Release\custombuild.command.1.tlog
C:\Users\Administrator\Desktop\server\tcpclient\tcpclient\x64\Release\custombuild.read.1.tlog
C:\Users\Administrator\Desktop\server\tcpclient\tcpclient\x64\Release\custombuild.write.1.tlog
C:\Users\Administrator\Desktop\server\tcpclient\tcpclient\x64\Release\link.command.1.tlog
C:\Users\Administrator\Desktop\server\tcpclient\tcpclient\x64\Release\link.read.1.tlog
C:\Users\Administrator\Desktop\server\tcpclient\tcpclient\x64\Release\link.write.1.tlog
C:\USERS\ADMINISTRATOR\DESKTOP\SERVER\TCPCLIENT\TCPCLIENT\X64\RELEASE\MAIN.OBJ
C:\USERS\ADMINISTRATOR\DESKTOP\SERVER\TCPCLIENT\TCPCLIENT\X64\RELEASE\MOC_TCPCLIENT.OBJ
C:\Users\Administrator\Desktop\server\tcpclient\tcpclient\x64\Release\mt.command.1.tlog
C:\Users\Administrator\Desktop\server\tcpclient\tcpclient\x64\Release\mt.read.1.tlog
C:\Users\Administrator\Desktop\server\tcpclient\tcpclient\x64\Release\mt.write.1.tlog
C:\USERS\ADMINISTRATOR\DESKTOP\SERVER\TCPCLIENT\TCPCLIENT\X64\RELEASE\QRC_TCPCLIENT.OBJ
C:\USERS\ADMINISTRATOR\DESKTOP\SERVER\TCPCLIENT\TCPCLIENT\X64\RELEASE\TCPCLIENT.EXE.INTERMEDIATE.MANIFEST
C:\USERS\ADMINISTRATOR\DESKTOP\SERVER\TCPCLIENT\TCPCLIENT\X64\RELEASE\TCPCLIENT.OBJ
C:\Users\Administrator\Desktop\server\tcpclient\tcpclient\x64\Release\tcpclient.vcxprojResolveAssemblyReference.cache
C:\Users\Administrator\Desktop\server\tcpclient\tcpclient\x64\Release\tcpclient.write.1.tlog
C:\USERS\ADMINISTRATOR\DESKTOP\SERVER\TCPCLIENT\X64\RELEASE\TCPCLIENT.EXE
C:\USERS\ADMINISTRATOR\DESKTOP\SERVER\TCPCLIENT\X64\RELEASE\TCPCLIENT.ILK
C:\USERS\ADMINISTRATOR\DESKTOP\SERVER\TCPCLIENT\X64\RELEASE\TCPCLIENT.PDB
